<?xml version="1.0" encoding="UTF-8"?>
<!-- Generated by org.testng.reporters.JUnitReportReporter -->
<testsuite hostname="Mohamed-Hosnie" failures="1" tests="18" name="com.testng.Subscription" time="141.322" errors="0" timestamp="2023-04-03T04:59:14 EET" skipped="0">
  <testcase classname="com.testng.Subscription" name="ClassicPackForUAEinArabic" time="4.968"/>
  <system-out/>
  <testcase classname="com.testng.Subscription" name="LitePackForUAEinArabic" time="5.488"/>
  <system-out/>
  <testcase classname="com.testng.Subscription" name="PremPackForUAEinArabic" time="9.889"/>
  <system-out/>
  <testcase classname="com.testng.Subscription" name="ClassicPackForUAEinEnglish" time="8.837"/>
  <system-out/>
  <testcase classname="com.testng.Subscription" name="LitePackForUAEinEnglish" time="6.339"/>
  <system-out/>
  <testcase classname="com.testng.Subscription" name="PremPackForUAEinEnglish" time="6.374"/>
  <system-out/>
  <testcase classname="com.testng.Subscription" name="ClassicPackForJOinArabic" time="5.975"/>
  <system-out/>
  <testcase classname="com.testng.Subscription" name="LitePackForJOinArabic" time="5.634"/>
  <system-out/>
  <testcase classname="com.testng.Subscription" name="PremPackForJOinArabic" time="9.633"/>
  <system-out/>
  <testcase classname="com.testng.Subscription" name="ClassicPackForJOinEnglish" time="9.803"/>
  <system-out/>
  <testcase classname="com.testng.Subscription" name="LitePackForJOinEnglish" time="7.799"/>
  <system-out/>
  <testcase classname="com.testng.Subscription" name="PremPackForJOinEnglish" time="9.449"/>
  <system-out/>
  <testcase classname="com.testng.Subscription" name="ClassicPackForOMinArabic" time="7.290"/>
  <system-out/>
  <testcase classname="com.testng.Subscription" name="LitePackForOMinArabic" time="9.278"/>
  <system-out/>
  <testcase classname="com.testng.Subscription" name="PremPackForOMinArabic" time="7.050"/>
  <system-out/>
  <testcase classname="com.testng.Subscription" name="ClassicPackForOMinEnglish" time="7.995"/>
  <system-out/>
  <testcase classname="com.testng.Subscription" name="LitePackForOMinEnglish" time="12.614">
    <failure message="Lite Package Currency In Arabic Is Incorrect expected [/month] but found [USD/month]" type="java.lang.AssertionError">
      <![CDATA[java.lang.AssertionError: Lite Package Currency In Arabic Is Incorrect expected [/month] but found [USD/month]
at org.testng.Assert.fail(Assert.java:110)
at org.testng.Assert.failNotEquals(Assert.java:1577)
at org.testng.Assert.assertEqualsImpl(Assert.java:149)
at org.testng.Assert.assertEquals(Assert.java:131)
at org.testng.Assert.assertEquals(Assert.java:655)
at com.testng.Subscription.LitePackForOMinEnglish(Subscription.java:524)
at java.base/jdk.internal.reflect.DirectMethodHandleAccessor.invoke(DirectMethodHandleAccessor.java:104)
at java.base/java.lang.reflect.Method.invoke(Method.java:578)
at org.testng.internal.invokers.MethodInvocationHelper.invokeMethod(MethodInvocationHelper.java:139)
at org.testng.internal.invokers.TestInvoker.invokeMethod(TestInvoker.java:677)
at org.testng.internal.invokers.TestInvoker.invokeTestMethod(TestInvoker.java:221)
at org.testng.internal.invokers.MethodRunner.runInSequence(MethodRunner.java:50)
at org.testng.internal.invokers.TestInvoker$MethodInvocationAgent.invoke(TestInvoker.java:969)
at org.testng.internal.invokers.TestInvoker.invokeTestMethods(TestInvoker.java:194)
at org.testng.internal.invokers.TestMethodWorker.invokeTestMethods(TestMethodWorker.java:148)
at org.testng.internal.invokers.TestMethodWorker.run(TestMethodWorker.java:128)
at java.base/java.util.ArrayList.forEach(ArrayList.java:1511)
at org.testng.TestRunner.privateRun(TestRunner.java:829)
at org.testng.TestRunner.run(TestRunner.java:602)
at org.testng.SuiteRunner.runTest(SuiteRunner.java:437)
at org.testng.SuiteRunner.runSequentially(SuiteRunner.java:431)
at org.testng.SuiteRunner.privateRun(SuiteRunner.java:391)
at org.testng.SuiteRunner.run(SuiteRunner.java:330)
at org.testng.SuiteRunnerWorker.runSuite(SuiteRunnerWorker.java:52)
at org.testng.SuiteRunnerWorker.run(SuiteRunnerWorker.java:95)
at org.testng.TestNG.runSuitesSequentially(TestNG.java:1256)
at org.testng.TestNG.runSuitesLocally(TestNG.java:1176)
at org.testng.TestNG.runSuites(TestNG.java:1099)
at org.testng.TestNG.run(TestNG.java:1067)
at org.testng.remote.AbstractRemoteTestNG.run(AbstractRemoteTestNG.java:115)
at org.testng.remote.RemoteTestNG.initAndRun(RemoteTestNG.java:251)
at org.testng.remote.RemoteTestNG.main(RemoteTestNG.java:77)
]]>
    </failure>
  </testcase> <!-- LitePackForOMinEnglish -->
  <system-out/>
  <testcase classname="com.testng.Subscription" name="PremPackForOMinEnglish" time="6.907"/>
  <system-out/>
</testsuite> <!-- com.testng.Subscription -->
