<?xml version="1.0" encoding="UTF-8"?>
<!-- Generated by org.testng.reporters.JUnitReportReporter -->
<testsuite hostname="Mohamed-Hosnie" failures="0" tests="1" name="testCases.Sub" time="12.216" errors="0" timestamp="31 Mar 2023 20:47:03 GMT">
  <testcase classname="testCases.Sub" name="subscriptionTest" time="12.216"/>
</testsuite> <!-- testCases.Sub -->
